2022-03-11 12:19:50 DEBUG: Initializing Sudoku board
2022-03-11 12:19:50 DEBUG:   Initialization keyword arguments (expecting 1):
2022-03-11 12:19:50 DEBUG: 	filename : sudoku_test_00
2022-03-11 12:20:14 DEBUG: Initializing Sudoku board
2022-03-11 12:20:14 DEBUG:   Initialization keyword arguments (expecting 1):
2022-03-11 12:20:14 DEBUG: 	filename : sudoku_test_00.txt
2022-03-11 12:20:32 DEBUG: Initializing Sudoku board
2022-03-11 12:20:32 DEBUG:   Initialization keyword arguments (expecting 1):
2022-03-11 12:20:32 DEBUG: 	filename : sudoku_test_00.txt
2022-03-11 12:29:03 DEBUG: Initializing Sudoku board
2022-03-11 12:29:03 DEBUG:   Initialization keyword arguments (expecting 1):
2022-03-11 12:29:03 DEBUG: 	filename : sudoku_test_00.txt
2022-03-11 12:48:20 INFO: Beginning test run
2022-03-11 12:48:20 INFO: Beginning test: test_sudoku_init_from_file
2022-03-11 12:48:20 DEBUG: Initializing Sudoku board
2022-03-11 12:48:20 DEBUG:   Initialization keyword arguments (expecting 1):
2022-03-11 12:48:20 DEBUG: 	filename : sudoku_test_00.txt
2022-03-11 12:48:20 DEBUG:   Beginning assertions
2022-03-11 12:48:20 INFO: End of test: test_sudoku_init_from_file. Result: Passed
2022-03-11 12:48:20 INFO: Finished test run
